TN:
SF:constants.ts
FNF:0
FNH:0
DA:5,2
DA:44,2
DA:149,2
DA:268,2
DA:276,2
DA:498,2
DA:505,2
DA:574,2
LF:8
LH:8
BRF:0
BRH:0
end_of_record
TN:
SF:types.ts
FN:5,(anonymous_0)
FN:169,(anonymous_1)
FNF:2
FNH:2
FNDA:2,(anonymous_0)
FNDA:2,(anonymous_1)
DA:5,2
DA:6,2
DA:7,2
DA:8,2
DA:9,2
DA:10,2
DA:11,2
DA:169,2
DA:170,2
DA:171,2
DA:172,2
DA:173,2
DA:174,2
DA:175,2
DA:176,2
DA:177,2
DA:178,2
DA:181,2
DA:182,2
DA:183,2
DA:184,2
DA:185,2
DA:186,2
DA:189,2
DA:190,2
DA:191,2
DA:192,2
DA:193,2
DA:194,2
LF:29
LH:29
BRDA:5,0,0,2
BRDA:5,0,1,2
BRDA:169,1,0,2
BRDA:169,1,1,2
BRF:4
BRH:4
end_of_record
TN:
SF:components/ProductCard.tsx
FN:21,(anonymous_0)
FN:24,(anonymous_1)
FN:42,(anonymous_2)
FNF:3
FNH:3
FNDA:10,(anonymous_0)
FNDA:1,(anonymous_1)
FNDA:1,(anonymous_2)
DA:10,1
DA:21,1
DA:22,10
DA:24,10
DA:25,1
DA:26,1
DA:27,1
DA:28,1
DA:29,1
DA:31,0
DA:32,0
DA:36,10
DA:40,10
DA:42,1
LF:14
LH:12
BRDA:22,0,0,10
BRDA:22,0,1,10
BRDA:36,1,0,0
BRDA:36,1,1,10
BRDA:36,2,0,10
BRDA:36,2,1,10
BRDA:59,3,0,1
BRDA:59,3,1,9
BRDA:62,4,0,1
BRDA:62,4,1,9
BRDA:64,5,0,1
BRDA:64,5,1,9
BRDA:68,6,0,10
BRDA:68,6,1,1
BRDA:76,7,0,10
BRDA:76,7,1,1
BRDA:92,8,0,10
BRDA:92,8,1,1
BRDA:103,9,0,10
BRDA:103,9,1,10
BRF:20
BRH:19
end_of_record
TN:
SF:src/components/ui/Icon.tsx
FN:31,(anonymous_0)
FNF:1
FNH:1
FNDA:22,(anonymous_0)
DA:31,1
DA:39,22
DA:41,22
DA:42,0
DA:43,0
DA:46,22
LF:6
LH:4
BRDA:33,0,0,22
BRDA:34,1,0,22
BRDA:35,2,0,22
BRDA:41,3,0,0
BRDA:41,3,1,22
BRDA:51,4,0,22
BRDA:51,4,1,22
BRF:7
BRH:6
end_of_record
TN:
SF:utils/dateUtils.ts
FN:4,(anonymous_0)
FN:21,(anonymous_1)
FN:39,(anonymous_2)
FNF:3
FNH:3
FNDA:15,(anonymous_0)
FNDA:2,(anonymous_1)
FNDA:15,(anonymous_2)
DA:4,2
DA:5,15
DA:6,15
DA:7,15
DA:9,14
DA:16,0
DA:17,0
DA:21,2
DA:22,2
DA:23,2
DA:24,2
DA:26,1
DA:35,0
DA:39,2
DA:41,15
DA:42,15
DA:43,15
DA:45,15
DA:46,14
DA:47,13
DA:48,12
DA:50,11
LF:22
LH:19
BRDA:7,0,0,1
BRDA:7,0,1,14
BRDA:24,1,0,1
BRDA:24,1,1,1
BRDA:45,2,0,1
BRDA:45,2,1,14
BRDA:46,3,0,1
BRDA:46,3,1,13
BRDA:47,4,0,1
BRDA:47,4,1,12
BRDA:48,5,0,1
BRDA:48,5,1,11
BRF:12
BRH:12
end_of_record
TN:
SF:utils/locationUtils.ts
FN:5,(anonymous_0)
FN:18,(anonymous_1)
FN:22,(anonymous_2)
FN:27,(anonymous_3)
FNF:4
FNH:4
FNDA:204,(anonymous_0)
FNDA:816,(anonymous_1)
FNDA:6,(anonymous_2)
FNDA:210,(anonymous_3)
DA:5,1
DA:6,204
DA:7,204
DA:8,204
DA:10,204
DA:13,204
DA:14,204
DA:15,204
DA:18,1
DA:19,816
DA:22,1
DA:23,6
DA:24,6
DA:27,210
DA:29,6
DA:30,204
DA:31,204
DA:32,204
DA:33,12
DA:34,12
DA:39,6
LF:21
LH:21
BRDA:27,0,0,210
BRDA:27,0,1,204
BRDA:27,0,2,204
BRDA:30,1,0,204
BRDA:30,1,1,0
BRDA:30,2,0,204
BRDA:30,2,1,204
BRDA:32,3,0,12
BRDA:32,3,1,192
BRF:9
BRH:8
end_of_record
TN:
SF:utils/safeStorage.ts
FN:21,(anonymous_0)
FN:25,(anonymous_1)
FN:45,(anonymous_2)
FN:51,(anonymous_3)
FN:65,(anonymous_4)
FN:82,(anonymous_5)
FN:88,(anonymous_6)
FN:95,(anonymous_7)
FN:100,(anonymous_8)
FN:110,(anonymous_9)
FNF:10
FNH:9
FNDA:8,(anonymous_0)
FNDA:8,(anonymous_1)
FNDA:0,(anonymous_2)
FNDA:6,(anonymous_3)
FNDA:6,(anonymous_4)
FNDA:1,(anonymous_5)
FNDA:1,(anonymous_6)
FNDA:1,(anonymous_7)
FNDA:1,(anonymous_8)
FNDA:1,(anonymous_9)
DA:19,8
DA:22,8
DA:26,8
DA:27,8
DA:28,8
DA:29,8
DA:30,8
DA:33,0
DA:34,0
DA:35,0
DA:36,0
DA:37,0
DA:40,0
DA:46,0
DA:47,0
DA:48,0
DA:54,6
DA:55,6
DA:56,6
DA:58,4
DA:59,4
DA:60,4
DA:62,4
DA:68,6
DA:69,6
DA:70,6
DA:71,6
DA:73,6
DA:74,6
DA:75,6
DA:77,6
DA:78,0
DA:83,1
DA:84,1
DA:85,1
DA:89,1
DA:90,1
DA:91,1
DA:96,1
DA:101,1
DA:102,0
DA:103,0
DA:111,1
DA:112,1
DA:113,1
DA:114,1
DA:115,1
DA:116,1
DA:117,1
DA:119,1
DA:120,1
DA:121,1
DA:122,1
DA:124,1
DA:128,8
LF:55
LH:43
BRDA:46,0,0,0
BRDA:46,0,1,0
BRDA:47,1,0,0
BRDA:47,1,1,0
BRDA:56,2,0,2
BRDA:56,2,1,4
BRDA:60,3,0,0
BRDA:60,3,1,4
BRDA:62,4,0,4
BRDA:62,4,1,4
BRDA:77,5,0,0
BRDA:77,5,1,6
BRDA:101,6,0,1
BRDA:101,6,1,0
BRDA:102,7,0,0
BRDA:102,7,1,0
BRF:16
BRH:7
end_of_record
